<?xml version="1.0" encoding="UTF-8"?>
<!-- Generated by org.testng.reporters.JUnitXMLReporter -->
<testsuite hostname="DESKTOP-RIL9V0P" ignored="0" name="Call Test" tests="6" failures="0" timestamp="2019-10-19T18:42:05 IST" time="0.125" errors="0">
  <testcase name="Test1" time="0.0" classname="BasicTestNGAnnotations2.VideoCall1"/>
  <testcase name="Test2" time="0.016" classname="BasicTestNGAnnotations2.VideoCall1"/>
  <testcase name="Test3" time="0.0" classname="BasicTestNGAnnotations2.VideoCall1"/>
  <testcase name="Test1" time="0.0" classname="BasicTestNGAnnotations2.VoiceCall1"/>
  <testcase name="Test2" time="0.0" classname="BasicTestNGAnnotations2.VoiceCall1"/>
  <testcase name="Test3" time="0.016" classname="BasicTestNGAnnotations2.VoiceCall1"/>
</testsuite> <!-- Call Test -->
