<?xml version="1.0" encoding="UTF-8"?>
<!-- Generated by org.testng.reporters.JUnitXMLReporter -->
<testsuite hostname="DESKTOP-RIL9V0P" ignored="0" name="Chat Test" tests="6" failures="1" timestamp="2019-10-19T18:42:05 IST" time="0.258" errors="0">
  <testcase name="Test1" time="0.016" classname="BasicTestNGAnnotations2.PersonalChat1"/>
  <testcase name="Test2" time="0.016" classname="BasicTestNGAnnotations2.PersonalChat1"/>
  <testcase name="Test3" time="0.015" classname="BasicTestNGAnnotations2.PersonalChat1"/>
  <testcase name="Test1" time="0.0" classname="BasicTestNGAnnotations2.GroupChat1"/>
  <testcase name="Test2" time="0.015" classname="BasicTestNGAnnotations2.GroupChat1">
    <failure type="java.lang.ArithmeticException" message="/ by zero">
      <![CDATA[java.lang.ArithmeticException: / by zero
at BasicTestNGAnnotations2.GroupChat1.Test2(GroupChat1.java:63)
at java.util.ArrayList.forEach(Unknown Source)
... Removed 27 stack frames]]>
    </failure>
  </testcase> <!-- Test2 -->
  <testcase name="Test3" time="0.015" classname="BasicTestNGAnnotations2.GroupChat1"/>
</testsuite> <!-- Chat Test -->
