<?xml version="1.0" encoding="UTF-8"?>
<testng-results skipped="1" failed="1" ignored="0" total="12" passed="10">
  <reporter-output>
  </reporter-output>
  <suite name="Automation Suite" duration-ms="483" started-at="2019-10-19T12:40:33 IST" finished-at="2019-10-19T12:40:33 IST">
    <groups>
    </groups>
    <test name="Chat Test" duration-ms="171" started-at="2019-10-19T12:40:33 IST" finished-at="2019-10-19T12:40:33 IST">
      <class name="BasicTestNGAnnotations.GroupChat">
        <test-method status="PASS" signature="beforeChatModule()[pri:0, instance:BasicTestNGAnnotations.GroupChat@527740a2]" name="beforeChatModule" is-config="true" duration-ms="0" started-at="2019-10-19T12:40:33 IST" finished-at="2019-10-19T12:40:33 IST">
          <reporter-output>
          </reporter-output>
        </test-method> <!-- beforeChatModule -->
        <test-method status="PASS" signature="beforeClass()[pri:0, instance:BasicTestNGAnnotations.GroupChat@527740a2]" name="beforeClass" is-config="true" duration-ms="0" started-at="2019-10-19T12:40:33 IST" finished-at="2019-10-19T12:40:33 IST">
          <reporter-output>
          </reporter-output>
        </test-method> <!-- beforeClass -->
        <test-method status="PASS" signature="PreCondtionForTestCase()[pri:0, instance:BasicTestNGAnnotations.GroupChat@527740a2]" name="PreCondtionForTestCase" is-config="true" duration-ms="0" started-at="2019-10-19T12:40:33 IST" finished-at="2019-10-19T12:40:33 IST">
          <reporter-output>
          </reporter-output>
        </test-method> <!-- PreCondtionForTestCase -->
        <test-method status="SKIP" signature="test1()[pri:0, instance:BasicTestNGAnnotations.GroupChat@527740a2]" name="test1" duration-ms="15" started-at="2019-10-19T12:40:33 IST" finished-at="2019-10-19T12:40:33 IST">
          <exception class="org.testng.SkipException">
            <message>
              <![CDATA[Group Chat Test Case 1]]>
            </message>
            <full-stacktrace>
              <![CDATA[org.testng.SkipException: Group Chat Test Case 1
at BasicTestNGAnnotations.GroupChat.test1(GroupChat.java:59)
at sun.reflect.NativeMethodAccessorImpl.invoke0(Native Method)
at sun.reflect.NativeMethodAccessorImpl.invoke(Unknown Source)
at sun.reflect.DelegatingMethodAccessorImpl.invoke(Unknown Source)
at java.lang.reflect.Method.invoke(Unknown Source)
at org.testng.internal.MethodInvocationHelper.invokeMethod(MethodInvocationHelper.java:133)
at org.testng.internal.TestInvoker.invokeMethod(TestInvoker.java:584)
at org.testng.internal.TestInvoker.invokeTestMethod(TestInvoker.java:172)
at org.testng.internal.MethodRunner.runInSequence(MethodRunner.java:46)
at org.testng.internal.TestInvoker$MethodInvocationAgent.invoke(TestInvoker.java:804)
at org.testng.internal.TestInvoker.invokeTestMethods(TestInvoker.java:145)
at org.testng.internal.TestMethodWorker.invokeTestMethods(TestMethodWorker.java:146)
at org.testng.internal.TestMethodWorker.run(TestMethodWorker.java:128)
at java.util.ArrayList.forEach(Unknown Source)
at org.testng.TestRunner.privateRun(TestRunner.java:770)
at org.testng.TestRunner.run(TestRunner.java:591)
at org.testng.SuiteRunner.runTest(SuiteRunner.java:402)
at org.testng.SuiteRunner.runSequentially(SuiteRunner.java:396)
at org.testng.SuiteRunner.privateRun(SuiteRunner.java:355)
at org.testng.SuiteRunner.run(SuiteRunner.java:304)
at org.testng.SuiteRunnerWorker.runSuite(SuiteRunnerWorker.java:53)
at org.testng.SuiteRunnerWorker.run(SuiteRunnerWorker.java:96)
at org.testng.TestNG.runSuitesSequentially(TestNG.java:1180)
at org.testng.TestNG.runSuitesLocally(TestNG.java:1102)
at org.testng.TestNG.runSuites(TestNG.java:1032)
at org.testng.TestNG.run(TestNG.java:1000)
at org.testng.remote.AbstractRemoteTestNG.run(AbstractRemoteTestNG.java:115)
at org.testng.remote.RemoteTestNG.initAndRun(RemoteTestNG.java:251)
at org.testng.remote.RemoteTestNG.main(RemoteTestNG.java:77)
]]>
            </full-stacktrace>
          </exception> <!-- org.testng.SkipException -->
          <reporter-output>
          </reporter-output>
        </test-method> <!-- test1 -->
        <test-method status="PASS" signature="PostCondtionForTestCase()[pri:0, instance:BasicTestNGAnnotations.GroupChat@527740a2]" name="PostCondtionForTestCase" is-config="true" duration-ms="13" started-at="2019-10-19T12:40:33 IST" finished-at="2019-10-19T12:40:33 IST">
          <reporter-output>
          </reporter-output>
        </test-method> <!-- PostCondtionForTestCase -->
        <test-method status="PASS" signature="PreCondtionForTestCase()[pri:0, instance:BasicTestNGAnnotations.GroupChat@527740a2]" name="PreCondtionForTestCase" is-config="true" duration-ms="0" started-at="2019-10-19T12:40:33 IST" finished-at="2019-10-19T12:40:33 IST">
          <reporter-output>
          </reporter-output>
        </test-method> <!-- PreCondtionForTestCase -->
        <test-method status="FAIL" signature="test2()[pri:0, instance:BasicTestNGAnnotations.GroupChat@527740a2]" name="test2" duration-ms="0" started-at="2019-10-19T12:40:33 IST" finished-at="2019-10-19T12:40:33 IST">
          <exception class="java.lang.ArithmeticException">
            <message>
              <![CDATA[/ by zero]]>
            </message>
            <full-stacktrace>
              <![CDATA[java.lang.ArithmeticException: / by zero
at BasicTestNGAnnotations.GroupChat.test2(GroupChat.java:70)
at sun.reflect.NativeMethodAccessorImpl.invoke0(Native Method)
at sun.reflect.NativeMethodAccessorImpl.invoke(Unknown Source)
at sun.reflect.DelegatingMethodAccessorImpl.invoke(Unknown Source)
at java.lang.reflect.Method.invoke(Unknown Source)
at org.testng.internal.MethodInvocationHelper.invokeMethod(MethodInvocationHelper.java:133)
at org.testng.internal.TestInvoker.invokeMethod(TestInvoker.java:584)
at org.testng.internal.TestInvoker.invokeTestMethod(TestInvoker.java:172)
at org.testng.internal.MethodRunner.runInSequence(MethodRunner.java:46)
at org.testng.internal.TestInvoker$MethodInvocationAgent.invoke(TestInvoker.java:804)
at org.testng.internal.TestInvoker.invokeTestMethods(TestInvoker.java:145)
at org.testng.internal.TestMethodWorker.invokeTestMethods(TestMethodWorker.java:146)
at org.testng.internal.TestMethodWorker.run(TestMethodWorker.java:128)
at java.util.ArrayList.forEach(Unknown Source)
at org.testng.TestRunner.privateRun(TestRunner.java:770)
at org.testng.TestRunner.run(TestRunner.java:591)
at org.testng.SuiteRunner.runTest(SuiteRunner.java:402)
at org.testng.SuiteRunner.runSequentially(SuiteRunner.java:396)
at org.testng.SuiteRunner.privateRun(SuiteRunner.java:355)
at org.testng.SuiteRunner.run(SuiteRunner.java:304)
at org.testng.SuiteRunnerWorker.runSuite(SuiteRunnerWorker.java:53)
at org.testng.SuiteRunnerWorker.run(SuiteRunnerWorker.java:96)
at org.testng.TestNG.runSuitesSequentially(TestNG.java:1180)
at org.testng.TestNG.runSuitesLocally(TestNG.java:1102)
at org.testng.TestNG.runSuites(TestNG.java:1032)
at org.testng.TestNG.run(TestNG.java:1000)
at org.testng.remote.AbstractRemoteTestNG.run(AbstractRemoteTestNG.java:115)
at org.testng.remote.RemoteTestNG.initAndRun(RemoteTestNG.java:251)
at org.testng.remote.RemoteTestNG.main(RemoteTestNG.java:77)
]]>
            </full-stacktrace>
          </exception> <!-- java.lang.ArithmeticException -->
          <reporter-output>
          </reporter-output>
        </test-method> <!-- test2 -->
        <test-method status="PASS" signature="PreCondtionForTestCase()[pri:0, instance:BasicTestNGAnnotations.GroupChat@527740a2]" name="PreCondtionForTestCase" is-config="true" duration-ms="0" started-at="2019-10-19T12:40:33 IST" finished-at="2019-10-19T12:40:33 IST">
          <reporter-output>
          </reporter-output>
        </test-method> <!-- PreCondtionForTestCase -->
        <test-method status="PASS" signature="PostCondtionForTestCase()[pri:0, instance:BasicTestNGAnnotations.GroupChat@527740a2]" name="PostCondtionForTestCase" is-config="true" duration-ms="0" started-at="2019-10-19T12:40:33 IST" finished-at="2019-10-19T12:40:33 IST">
          <reporter-output>
          </reporter-output>
        </test-method> <!-- PostCondtionForTestCase -->
        <test-method status="PASS" signature="test3()[pri:0, instance:BasicTestNGAnnotations.GroupChat@527740a2]" name="test3" duration-ms="0" started-at="2019-10-19T12:40:33 IST" finished-at="2019-10-19T12:40:33 IST">
          <reporter-output>
          </reporter-output>
        </test-method> <!-- test3 -->
        <test-method status="PASS" signature="afterClass()[pri:0, instance:BasicTestNGAnnotations.GroupChat@527740a2]" name="afterClass" is-config="true" duration-ms="0" started-at="2019-10-19T12:40:33 IST" finished-at="2019-10-19T12:40:33 IST">
          <reporter-output>
          </reporter-output>
        </test-method> <!-- afterClass -->
        <test-method status="PASS" signature="PostCondtionForTestCase()[pri:0, instance:BasicTestNGAnnotations.GroupChat@527740a2]" name="PostCondtionForTestCase" is-config="true" duration-ms="0" started-at="2019-10-19T12:40:33 IST" finished-at="2019-10-19T12:40:33 IST">
          <reporter-output>
          </reporter-output>
        </test-method> <!-- PostCondtionForTestCase -->
        <test-method status="PASS" signature="afterChatModule()[pri:0, instance:BasicTestNGAnnotations.GroupChat@527740a2]" name="afterChatModule" is-config="true" duration-ms="16" started-at="2019-10-19T12:40:33 IST" finished-at="2019-10-19T12:40:33 IST">
          <reporter-output>
          </reporter-output>
        </test-method> <!-- afterChatModule -->
      </class> <!-- BasicTestNGAnnotations.GroupChat -->
      <class name="BasicTestNGAnnotations.PersonalChat">
        <test-method status="PASS" signature="beforeClass()[pri:0, instance:BasicTestNGAnnotations.PersonalChat@13a5fe33]" name="beforeClass" is-config="true" duration-ms="0" started-at="2019-10-19T12:40:33 IST" finished-at="2019-10-19T12:40:33 IST">
          <reporter-output>
          </reporter-output>
        </test-method> <!-- beforeClass -->
        <test-method status="PASS" signature="PostCondtionForTestCase()[pri:0, instance:BasicTestNGAnnotations.PersonalChat@13a5fe33]" name="PostCondtionForTestCase" is-config="true" duration-ms="16" started-at="2019-10-19T12:40:33 IST" finished-at="2019-10-19T12:40:33 IST">
          <reporter-output>
          </reporter-output>
        </test-method> <!-- PostCondtionForTestCase -->
        <test-method status="PASS" signature="test1()[pri:0, instance:BasicTestNGAnnotations.PersonalChat@13a5fe33]" name="test1" duration-ms="0" started-at="2019-10-19T12:40:33 IST" finished-at="2019-10-19T12:40:33 IST">
          <reporter-output>
          </reporter-output>
        </test-method> <!-- test1 -->
        <test-method status="PASS" signature="PreCondtionForTestCase()[pri:0, instance:BasicTestNGAnnotations.PersonalChat@13a5fe33]" name="PreCondtionForTestCase" is-config="true" duration-ms="0" started-at="2019-10-19T12:40:33 IST" finished-at="2019-10-19T12:40:33 IST">
          <reporter-output>
          </reporter-output>
        </test-method> <!-- PreCondtionForTestCase -->
        <test-method status="PASS" signature="PreCondtionForTestCase()[pri:0, instance:BasicTestNGAnnotations.PersonalChat@13a5fe33]" name="PreCondtionForTestCase" is-config="true" duration-ms="0" started-at="2019-10-19T12:40:33 IST" finished-at="2019-10-19T12:40:33 IST">
          <reporter-output>
          </reporter-output>
        </test-method> <!-- PreCondtionForTestCase -->
        <test-method status="PASS" signature="test2()[pri:0, instance:BasicTestNGAnnotations.PersonalChat@13a5fe33]" name="test2" duration-ms="0" started-at="2019-10-19T12:40:33 IST" finished-at="2019-10-19T12:40:33 IST">
          <reporter-output>
          </reporter-output>
        </test-method> <!-- test2 -->
        <test-method status="PASS" signature="PreCondtionForTestCase()[pri:0, instance:BasicTestNGAnnotations.PersonalChat@13a5fe33]" name="PreCondtionForTestCase" is-config="true" duration-ms="0" started-at="2019-10-19T12:40:33 IST" finished-at="2019-10-19T12:40:33 IST">
          <reporter-output>
          </reporter-output>
        </test-method> <!-- PreCondtionForTestCase -->
        <test-method status="PASS" signature="test3()[pri:0, instance:BasicTestNGAnnotations.PersonalChat@13a5fe33]" name="test3" duration-ms="16" started-at="2019-10-19T12:40:33 IST" finished-at="2019-10-19T12:40:33 IST">
          <reporter-output>
          </reporter-output>
        </test-method> <!-- test3 -->
        <test-method status="PASS" signature="PostCondtionForTestCase()[pri:0, instance:BasicTestNGAnnotations.PersonalChat@13a5fe33]" name="PostCondtionForTestCase" is-config="true" duration-ms="0" started-at="2019-10-19T12:40:33 IST" finished-at="2019-10-19T12:40:33 IST">
          <reporter-output>
          </reporter-output>
        </test-method> <!-- PostCondtionForTestCase -->
        <test-method status="PASS" signature="afterClass()[pri:0, instance:BasicTestNGAnnotations.PersonalChat@13a5fe33]" name="afterClass" is-config="true" duration-ms="0" started-at="2019-10-19T12:40:33 IST" finished-at="2019-10-19T12:40:33 IST">
          <reporter-output>
          </reporter-output>
        </test-method> <!-- afterClass -->
        <test-method status="PASS" signature="PostCondtionForTestCase()[pri:0, instance:BasicTestNGAnnotations.PersonalChat@13a5fe33]" name="PostCondtionForTestCase" is-config="true" duration-ms="0" started-at="2019-10-19T12:40:33 IST" finished-at="2019-10-19T12:40:33 IST">
          <reporter-output>
          </reporter-output>
        </test-method> <!-- PostCondtionForTestCase -->
      </class> <!-- BasicTestNGAnnotations.PersonalChat -->
    </test> <!-- Chat Test -->
    <test name="Status Test" duration-ms="125" started-at="2019-10-19T12:40:33 IST" finished-at="2019-10-19T12:40:33 IST">
      <class name="BasicTestNGAnnotations.ImageStatus">
        <test-method status="PASS" signature="PreCondtionForTestCase()[pri:0, instance:BasicTestNGAnnotations.ImageStatus@610694f1]" name="PreCondtionForTestCase" is-config="true" duration-ms="0" started-at="2019-10-19T12:40:33 IST" finished-at="2019-10-19T12:40:33 IST">
          <reporter-output>
          </reporter-output>
        </test-method> <!-- PreCondtionForTestCase -->
        <test-method status="PASS" signature="test1()[pri:0, instance:BasicTestNGAnnotations.ImageStatus@610694f1]" name="test1" duration-ms="0" started-at="2019-10-19T12:40:33 IST" finished-at="2019-10-19T12:40:33 IST">
          <reporter-output>
          </reporter-output>
        </test-method> <!-- test1 -->
        <test-method status="PASS" signature="PostCondtionForTestCase()[pri:0, instance:BasicTestNGAnnotations.ImageStatus@610694f1]" name="PostCondtionForTestCase" is-config="true" duration-ms="0" started-at="2019-10-19T12:40:33 IST" finished-at="2019-10-19T12:40:33 IST">
          <reporter-output>
          </reporter-output>
        </test-method> <!-- PostCondtionForTestCase -->
        <test-method status="PASS" signature="beforeStatusModule()[pri:0, instance:BasicTestNGAnnotations.ImageStatus@610694f1]" name="beforeStatusModule" is-config="true" duration-ms="0" started-at="2019-10-19T12:40:33 IST" finished-at="2019-10-19T12:40:33 IST">
          <reporter-output>
          </reporter-output>
        </test-method> <!-- beforeStatusModule -->
        <test-method status="PASS" signature="beforeClass()[pri:0, instance:BasicTestNGAnnotations.ImageStatus@610694f1]" name="beforeClass" is-config="true" duration-ms="0" started-at="2019-10-19T12:40:33 IST" finished-at="2019-10-19T12:40:33 IST">
          <reporter-output>
          </reporter-output>
        </test-method> <!-- beforeClass -->
        <test-method status="PASS" signature="PreCondtionForTestCase()[pri:0, instance:BasicTestNGAnnotations.ImageStatus@610694f1]" name="PreCondtionForTestCase" is-config="true" duration-ms="0" started-at="2019-10-19T12:40:33 IST" finished-at="2019-10-19T12:40:33 IST">
          <reporter-output>
          </reporter-output>
        </test-method> <!-- PreCondtionForTestCase -->
        <test-method status="PASS" signature="PostCondtionForTestCase()[pri:0, instance:BasicTestNGAnnotations.ImageStatus@610694f1]" name="PostCondtionForTestCase" is-config="true" duration-ms="0" started-at="2019-10-19T12:40:33 IST" finished-at="2019-10-19T12:40:33 IST">
          <reporter-output>
          </reporter-output>
        </test-method> <!-- PostCondtionForTestCase -->
        <test-method status="PASS" signature="PreCondtionForTestCase()[pri:0, instance:BasicTestNGAnnotations.ImageStatus@610694f1]" name="PreCondtionForTestCase" is-config="true" duration-ms="0" started-at="2019-10-19T12:40:33 IST" finished-at="2019-10-19T12:40:33 IST">
          <reporter-output>
          </reporter-output>
        </test-method> <!-- PreCondtionForTestCase -->
        <test-method status="PASS" signature="test3()[pri:0, instance:BasicTestNGAnnotations.ImageStatus@610694f1]" name="test3" duration-ms="0" started-at="2019-10-19T12:40:33 IST" finished-at="2019-10-19T12:40:33 IST">
          <reporter-output>
          </reporter-output>
        </test-method> <!-- test3 -->
        <test-method status="PASS" signature="test2()[pri:0, instance:BasicTestNGAnnotations.ImageStatus@610694f1]" name="test2" duration-ms="0" started-at="2019-10-19T12:40:33 IST" finished-at="2019-10-19T12:40:33 IST">
          <reporter-output>
          </reporter-output>
        </test-method> <!-- test2 -->
        <test-method status="PASS" signature="afterClass()[pri:0, instance:BasicTestNGAnnotations.ImageStatus@610694f1]" name="afterClass" is-config="true" duration-ms="0" started-at="2019-10-19T12:40:33 IST" finished-at="2019-10-19T12:40:33 IST">
          <reporter-output>
          </reporter-output>
        </test-method> <!-- afterClass -->
        <test-method status="PASS" signature="PostCondtionForTestCase()[pri:0, instance:BasicTestNGAnnotations.ImageStatus@610694f1]" name="PostCondtionForTestCase" is-config="true" duration-ms="0" started-at="2019-10-19T12:40:33 IST" finished-at="2019-10-19T12:40:33 IST">
          <reporter-output>
          </reporter-output>
        </test-method> <!-- PostCondtionForTestCase -->
        <test-method status="PASS" signature="afterStatusModule()[pri:0, instance:BasicTestNGAnnotations.ImageStatus@610694f1]" name="afterStatusModule" is-config="true" duration-ms="0" started-at="2019-10-19T12:40:33 IST" finished-at="2019-10-19T12:40:33 IST">
          <reporter-output>
          </reporter-output>
        </test-method> <!-- afterStatusModule -->
      </class> <!-- BasicTestNGAnnotations.ImageStatus -->
      <class name="BasicTestNGAnnotations.VideoStatus">
        <test-method status="PASS" signature="test1()[pri:0, instance:BasicTestNGAnnotations.VideoStatus@43814d18]" name="test1" duration-ms="0" started-at="2019-10-19T12:40:33 IST" finished-at="2019-10-19T12:40:33 IST">
          <reporter-output>
          </reporter-output>
        </test-method> <!-- test1 -->
        <test-method status="PASS" signature="PreCondtionForTestCase()[pri:0, instance:BasicTestNGAnnotations.VideoStatus@43814d18]" name="PreCondtionForTestCase" is-config="true" duration-ms="0" started-at="2019-10-19T12:40:33 IST" finished-at="2019-10-19T12:40:33 IST">
          <reporter-output>
          </reporter-output>
        </test-method> <!-- PreCondtionForTestCase -->
        <test-method status="PASS" signature="beforeClass()[pri:0, instance:BasicTestNGAnnotations.VideoStatus@43814d18]" name="beforeClass" is-config="true" duration-ms="0" started-at="2019-10-19T12:40:33 IST" finished-at="2019-10-19T12:40:33 IST">
          <reporter-output>
          </reporter-output>
        </test-method> <!-- beforeClass -->
        <test-method status="PASS" signature="PreCondtionForTestCase()[pri:0, instance:BasicTestNGAnnotations.VideoStatus@43814d18]" name="PreCondtionForTestCase" is-config="true" duration-ms="0" started-at="2019-10-19T12:40:33 IST" finished-at="2019-10-19T12:40:33 IST">
          <reporter-output>
          </reporter-output>
        </test-method> <!-- PreCondtionForTestCase -->
        <test-method status="PASS" signature="test2()[pri:0, instance:BasicTestNGAnnotations.VideoStatus@43814d18]" name="test2" duration-ms="16" started-at="2019-10-19T12:40:33 IST" finished-at="2019-10-19T12:40:33 IST">
          <reporter-output>
          </reporter-output>
        </test-method> <!-- test2 -->
        <test-method status="PASS" signature="PostCondtionForTestCase()[pri:0, instance:BasicTestNGAnnotations.VideoStatus@43814d18]" name="PostCondtionForTestCase" is-config="true" duration-ms="0" started-at="2019-10-19T12:40:33 IST" finished-at="2019-10-19T12:40:33 IST">
          <reporter-output>
          </reporter-output>
        </test-method> <!-- PostCondtionForTestCase -->
        <test-method status="PASS" signature="test3()[pri:0, instance:BasicTestNGAnnotations.VideoStatus@43814d18]" name="test3" duration-ms="31" started-at="2019-10-19T12:40:33 IST" finished-at="2019-10-19T12:40:33 IST">
          <reporter-output>
          </reporter-output>
        </test-method> <!-- test3 -->
        <test-method status="PASS" signature="PostCondtionForTestCase()[pri:0, instance:BasicTestNGAnnotations.VideoStatus@43814d18]" name="PostCondtionForTestCase" is-config="true" duration-ms="0" started-at="2019-10-19T12:40:33 IST" finished-at="2019-10-19T12:40:33 IST">
          <reporter-output>
          </reporter-output>
        </test-method> <!-- PostCondtionForTestCase -->
        <test-method status="PASS" signature="PreCondtionForTestCase()[pri:0, instance:BasicTestNGAnnotations.VideoStatus@43814d18]" name="PreCondtionForTestCase" is-config="true" duration-ms="0" started-at="2019-10-19T12:40:33 IST" finished-at="2019-10-19T12:40:33 IST">
          <reporter-output>
          </reporter-output>
        </test-method> <!-- PreCondtionForTestCase -->
        <test-method status="PASS" signature="PostCondtionForTestCase()[pri:0, instance:BasicTestNGAnnotations.VideoStatus@43814d18]" name="PostCondtionForTestCase" is-config="true" duration-ms="16" started-at="2019-10-19T12:40:33 IST" finished-at="2019-10-19T12:40:33 IST">
          <reporter-output>
          </reporter-output>
        </test-method> <!-- PostCondtionForTestCase -->
        <test-method status="PASS" signature="afterClass()[pri:0, instance:BasicTestNGAnnotations.VideoStatus@43814d18]" name="afterClass" is-config="true" duration-ms="0" started-at="2019-10-19T12:40:33 IST" finished-at="2019-10-19T12:40:33 IST">
          <reporter-output>
          </reporter-output>
        </test-method> <!-- afterClass -->
      </class> <!-- BasicTestNGAnnotations.VideoStatus -->
    </test> <!-- Status Test -->
    <test name="Pre Suite" duration-ms="16" started-at="2019-10-19T12:40:33 IST" finished-at="2019-10-19T12:40:33 IST">
      <class name="BasicTestNGAnnotations.BaseClasss">
        <test-method status="PASS" signature="beforeSuite()[pri:0, instance:BasicTestNGAnnotations.BaseClasss@6e6c3152]" name="beforeSuite" is-config="true" duration-ms="31" started-at="2019-10-19T12:40:33 IST" finished-at="2019-10-19T12:40:33 IST">
          <reporter-output>
          </reporter-output>
        </test-method> <!-- beforeSuite -->
        <test-method status="PASS" signature="afterSuite()[pri:0, instance:BasicTestNGAnnotations.BaseClasss@6e6c3152]" name="afterSuite" is-config="true" duration-ms="0" started-at="2019-10-19T12:40:33 IST" finished-at="2019-10-19T12:40:33 IST">
          <reporter-output>
          </reporter-output>
        </test-method> <!-- afterSuite -->
      </class> <!-- BasicTestNGAnnotations.BaseClasss -->
    </test> <!-- Pre Suite -->
  </suite> <!-- Automation Suite -->
</testng-results>
