<?xml version="1.0" encoding="UTF-8"?>
<testng-results skipped="0" failed="0" ignored="1" total="2" passed="1">
  <reporter-output>
  </reporter-output>
  <suite name="Default suite" duration-ms="63" started-at="2019-10-20T11:37:16 IST" finished-at="2019-10-20T11:37:16 IST">
    <groups>
    </groups>
    <test name="Default test" duration-ms="63" started-at="2019-10-20T11:37:16 IST" finished-at="2019-10-20T11:37:16 IST">
      <class name="Collections.MapInterface">
        <test-method status="PASS" signature="test2()[pri:0, instance:Collections.MapInterface@3327bd23]" name="test2" duration-ms="15" started-at="2019-10-20T11:37:16 IST" finished-at="2019-10-20T11:37:16 IST">
          <reporter-output>
          </reporter-output>
        </test-method> <!-- test2 -->
      </class> <!-- Collections.MapInterface -->
    </test> <!-- Default test -->
  </suite> <!-- Default suite -->
</testng-results>
