<?xml version="1.0" encoding="UTF-8"?>
<!-- Generated by org.testng.reporters.JUnitXMLReporter -->
<testsuite hostname="DESKTOP-RIL9V0P" ignored="0" name="Default test" tests="3" failures="0" timestamp="2019-10-19T12:26:06 IST" time="0.137" errors="0">
  <testcase name="test1" time="0.0" classname="BasicTestNGAnnotations.GroupChat">
    <skipped/>
  </testcase> <!-- test1 -->
  <testcase name="test2" time="0.0" classname="BasicTestNGAnnotations.GroupChat"/>
  <testcase name="test3" time="0.0" classname="BasicTestNGAnnotations.GroupChat"/>
</testsuite> <!-- Default test -->
