<?xml version="1.0" encoding="UTF-8"?>
<!-- Generated by org.testng.reporters.JUnitXMLReporter -->
<testsuite hostname="DESKTOP-RIL9V0P" ignored="0" name="Chat Test" tests="6" failures="1" timestamp="2019-10-19T12:40:33 IST" time="0.171" errors="0">
  <testcase name="test1" time="0.015" classname="BasicTestNGAnnotations.GroupChat">
    <skipped/>
  </testcase> <!-- test1 -->
  <testcase name="test2" time="0.0" classname="BasicTestNGAnnotations.GroupChat">
    <failure type="java.lang.ArithmeticException" message="/ by zero">
      <![CDATA[java.lang.ArithmeticException: / by zero
at BasicTestNGAnnotations.GroupChat.test2(GroupChat.java:70)
at java.util.ArrayList.forEach(Unknown Source)
... Removed 27 stack frames]]>
    </failure>
  </testcase> <!-- test2 -->
  <testcase name="test3" time="0.0" classname="BasicTestNGAnnotations.GroupChat"/>
  <testcase name="test1" time="0.0" classname="BasicTestNGAnnotations.PersonalChat"/>
  <testcase name="test2" time="0.0" classname="BasicTestNGAnnotations.PersonalChat"/>
  <testcase name="test3" time="0.016" classname="BasicTestNGAnnotations.PersonalChat"/>
</testsuite> <!-- Chat Test -->
