<?xml version="1.0" encoding="UTF-8"?>
<!-- Generated by org.testng.reporters.JUnitXMLReporter -->
<testsuite hostname="DESKTOP-RIL9V0P" ignored="0" name="Status Test" tests="6" failures="0" timestamp="2019-10-19T12:40:33 IST" time="0.125" errors="0">
  <testcase name="test1" time="0.0" classname="BasicTestNGAnnotations.ImageStatus"/>
  <testcase name="test2" time="0.0" classname="BasicTestNGAnnotations.ImageStatus"/>
  <testcase name="test3" time="0.0" classname="BasicTestNGAnnotations.ImageStatus"/>
  <testcase name="test1" time="0.0" classname="BasicTestNGAnnotations.VideoStatus"/>
  <testcase name="test2" time="0.016" classname="BasicTestNGAnnotations.VideoStatus"/>
  <testcase name="test3" time="0.031" classname="BasicTestNGAnnotations.VideoStatus"/>
</testsuite> <!-- Status Test -->
